<?xml version="1.0" encoding="UTF-8"?>
<!-- Generated by org.testng.reporters.JUnitReportReporter -->
<testsuite hostname="LTIN204563" failures="0" tests="5" name="TestCases.TC002_LanguageLearning" time="12.075" errors="0" timestamp="2024-02-28T10:52:19 IST" skipped="0">
  <testcase classname="TestCases.TC002_LanguageLearning" name="ClearInput" time="0.664"/>
  <testcase classname="TestCases.TC002_LanguageLearning" name="NewInputSearch" time="1.578"/>
  <testcase classname="TestCases.TC002_LanguageLearning" name="PrintLanguages" time="6.118"/>
  <testcase classname="TestCases.TC002_LanguageLearning" name="CloseButton" time="2.268"/>
  <testcase classname="TestCases.TC002_LanguageLearning" name="PrintLevel" time="1.447"/>
</testsuite> <!-- TestCases.TC002_LanguageLearning -->
