<?xml version="1.0" encoding="UTF-8"?>
<!-- Generated by org.testng.reporters.JUnitReportReporter -->
<testsuite hostname="LTIN204563" failures="0" tests="7" name="TestCases.TC003_ForEnterprise" time="44.252" errors="0" timestamp="2024-02-28T10:52:20 IST" skipped="0">
  <testcase classname="TestCases.TC003_ForEnterprise" name="BackToHomePage" time="12.447"/>
  <testcase classname="TestCases.TC003_ForEnterprise" name="ClickEnterprise" time="15.033"/>
  <testcase classname="TestCases.TC003_ForEnterprise" name="ClickSolutions" time="0.593"/>
  <testcase classname="TestCases.TC003_ForEnterprise" name="ClickCampus" time="7.622"/>
  <testcase classname="TestCases.TC003_ForEnterprise" name="FillingForm" time="8.206"/>
  <testcase classname="TestCases.TC003_ForEnterprise" name="SubmitButton" time="0.200"/>
  <testcase classname="TestCases.TC003_ForEnterprise" name="ErrorMessage" time="0.151"/>
</testsuite> <!-- TestCases.TC003_ForEnterprise -->
