<?xml version="1.0" encoding="UTF-8"?>
<!-- Generated by org.testng.reporters.JUnitReportReporter -->
<testsuite hostname="LTIN204563" failures="0" tests="4" name="TestCases.TC001_IdentifyCourses" time="43.285" errors="0" timestamp="2024-02-28T10:52:19 IST" skipped="0">
  <testcase classname="TestCases.TC001_IdentifyCourses" name="InputSearch" time="10.110"/>
  <testcase classname="TestCases.TC001_IdentifyCourses" name="Selection" time="7.481"/>
  <testcase classname="TestCases.TC001_IdentifyCourses" name="PrintCourses1" time="16.160"/>
  <testcase classname="TestCases.TC001_IdentifyCourses" name="PrintCourses2" time="9.534"/>
</testsuite> <!-- TestCases.TC001_IdentifyCourses -->
